<?xml version="1.0" encoding="UTF-8"?>
<testng-results ignored="1" total="2" passed="0" failed="1" skipped="0">
  <reporter-output>
    <line>
      <![CDATA[<br><img src='C:\qa\echosign\src\qa\automation\tools\branches\hooloovoo\src\test\java\Output\class SeleniumTests.SignUpTests1634324197677.png' height='600' width='800'/><br>]]>
    </line>
  </reporter-output>
  <suite started-at="2021-10-15T18:56:37Z" name="Default Suite" finished-at="2021-10-15T18:56:56Z" duration-ms="18473">
    <groups>
    </groups>
    <test started-at="2021-10-15T18:56:37Z" name="hooloovoo" finished-at="2021-10-15T18:56:56Z" duration-ms="18473">
      <class name="SeleniumTests.SignUpTests">
        <test-method signature="signUpTestPositiveScenario()[pri:0, instance:SeleniumTests.SignUpTests@26794848]" started-at="2021-10-15T18:56:37Z" name="signUpTestPositiveScenario" finished-at="2021-10-15T18:56:56Z" duration-ms="18436" status="FAIL">
          <exception class="java.lang.AssertionError">
            <message>
              <![CDATA[Wrong message. Expected: User has been successfully registered. . Actual: User has been successfully registered.]]>
            </message>
            <full-stacktrace>
              <![CDATA[java.lang.AssertionError: Wrong message. Expected: User has been successfully registered. . Actual: User has been successfully registered.
at SeleniumTests.SignUpTests.signUpTestPositiveScenario(SignUpTests.java:48)
at java.base/jdk.internal.reflect.NativeMethodAccessorImpl.invoke0(Native Method)
at java.base/jdk.internal.reflect.NativeMethodAccessorImpl.invoke(NativeMethodAccessorImpl.java:62)
at java.base/jdk.internal.reflect.DelegatingMethodAccessorImpl.invoke(DelegatingMethodAccessorImpl.java:43)
at java.base/java.lang.reflect.Method.invoke(Method.java:566)
at org.testng.internal.MethodInvocationHelper.invokeMethod(MethodInvocationHelper.java:124)
at org.testng.internal.Invoker.invokeMethod(Invoker.java:583)
at org.testng.internal.Invoker.invokeTestMethod(Invoker.java:719)
at org.testng.internal.Invoker.invokeTestMethods(Invoker.java:989)
at org.testng.internal.TestMethodWorker.invokeTestMethods(TestMethodWorker.java:125)
at org.testng.internal.TestMethodWorker.run(TestMethodWorker.java:109)
at org.testng.TestRunner.privateRun(TestRunner.java:648)
at org.testng.TestRunner.run(TestRunner.java:505)
at org.testng.SuiteRunner.runTest(SuiteRunner.java:455)
at org.testng.SuiteRunner.runSequentially(SuiteRunner.java:450)
at org.testng.SuiteRunner.privateRun(SuiteRunner.java:415)
at org.testng.SuiteRunner.run(SuiteRunner.java:364)
at org.testng.SuiteRunnerWorker.runSuite(SuiteRunnerWorker.java:52)
at org.testng.SuiteRunnerWorker.run(SuiteRunnerWorker.java:84)
at org.testng.TestNG.runSuitesSequentially(TestNG.java:1208)
at org.testng.TestNG.runSuitesLocally(TestNG.java:1137)
at org.testng.TestNG.runSuites(TestNG.java:1049)
at org.testng.TestNG.run(TestNG.java:1017)
at org.testng.IDEARemoteTestNG.run(IDEARemoteTestNG.java:73)
at org.testng.RemoteTestNGStarter.main(RemoteTestNGStarter.java:123)
]]>
            </full-stacktrace>
          </exception> <!-- java.lang.AssertionError -->
          <reporter-output>
            <line>
              <![CDATA[<br><img src='C:\qa\echosign\src\qa\automation\tools\branches\hooloovoo\src\test\java\Output\class SeleniumTests.SignUpTests1634324197677.png' height='600' width='800'/><br>]]>
            </line>
          </reporter-output>
        </test-method> <!-- signUpTestPositiveScenario -->
      </class> <!-- SeleniumTests.SignUpTests -->
    </test> <!-- hooloovoo -->
  </suite> <!-- Default Suite -->
</testng-results>
